   1              		.syntax unified
   2              		.cpu cortex-m4
   3              		.eabi_attribute 27, 3
   4              		.fpu fpv4-sp-d16
   5              		.eabi_attribute 20, 1
   6              		.eabi_attribute 21, 1
   7              		.eabi_attribute 23, 3
   8              		.eabi_attribute 24, 1
   9              		.eabi_attribute 25, 1
  10              		.eabi_attribute 26, 1
  11              		.eabi_attribute 30, 6
  12              		.eabi_attribute 34, 1
  13              		.eabi_attribute 18, 4
  14              		.thumb
  15              		.file	"Main.c"
  16              		.text
  17              	.Ltext0:
  18              		.cfi_sections	.debug_frame
  19              		.comm	TimerId,4,4
  20              		.comm	Status,4,4
  21              		.comm	WriteTimerId,4,4
  22              		.comm	WriteTimerStatus,4,4
  23              		.comm	TimerIdReadBytes,4,4
  24              		.comm	StatusReadBytes,4,4
  25              		.comm	settings,40,4
  26              		.comm	gBias,12,4
  27              		.comm	aBias,12,4
  28              		.comm	mBias,12,4
  29              		.comm	gBiasRaw,6,4
  30              		.comm	aBiasRaw,6,4
  31              		.comm	mBiasRaw,6,4
  32              		.comm	_autoCalc,1,1
  33              		.comm	_mAddress,1,1
  34              		.comm	_xgAddress,1,1
  35              		.comm	gRes,4,4
  36              		.comm	aRes,4,4
  37              		.comm	mRes,4,4
  38              		.comm	gx,2,2
  39              		.comm	gy,2,2
  40              		.comm	gz,2,2
  41              		.comm	ax,2,2
  42              		.comm	ay,2,2
  43              		.comm	az,2,2
  44              		.comm	mx,2,2
  45              		.comm	my,2,2
  46              		.comm	mz,2,2
  47              		.comm	temperature,2,2
  48              		.section	.text.main,"ax",%progbits
  49              		.align	2
  50              		.global	main
  51              		.thumb
  52              		.thumb_func
  54              	main:
  55              	.LFB112:
  56              		.file 1 "../Main.c"
   1:../Main.c     **** /*
   2:../Main.c     ****  * Main.c
   3:../Main.c     ****  *
   4:../Main.c     ****  *  Created on: 27-12-2015
   5:../Main.c     ****  *      Author: Mateusz
   6:../Main.c     ****  */
   7:../Main.c     **** 
   8:../Main.c     **** 
   9:../Main.c     **** 
  10:../Main.c     **** 
  11:../Main.c     **** 
  12:../Main.c     **** #include <DAVE3.h>			//Declarations from DAVE3 Code Generation (includes SFR declaration)
  13:../Main.c     **** #include "Bluetooth.h"
  14:../Main.c     **** #include "LSM9DS1_drivers.h"
  15:../Main.c     **** #include "LSM9DS1_Registers.h"
  16:../Main.c     **** #include "LSM9DS1_Types.h"
  17:../Main.c     **** #include "timerFunctions.h"
  18:../Main.c     **** 
  19:../Main.c     **** 
  20:../Main.c     **** #define LSM9DS1_M	0x1E // Would be 0x1C if SDO_M is LOW
  21:../Main.c     **** #define LSM9DS1_AG	0x6B // Would be 0x6A if SDO_AG is LOW
  22:../Main.c     **** 
  23:../Main.c     **** /*handle_t TimerId;
  24:../Main.c     **** uint32_t Status;*/
  25:../Main.c     **** void initBluetooth(void);
  26:../Main.c     **** void initLSM9DS1(void);
  27:../Main.c     **** 
  28:../Main.c     **** int main(void)
  29:../Main.c     **** {
  57              		.loc 1 29 0
  58              		.cfi_startproc
  59              		@ args = 0, pretend = 0, frame = 0
  60              		@ frame_needed = 1, uses_anonymous_args = 0
  61 0000 80B5     		push	{r7, lr}
  62              	.LCFI0:
  63              		.cfi_def_cfa_offset 8
  64              		.cfi_offset 7, -8
  65              		.cfi_offset 14, -4
  66 0002 00AF     		add	r7, sp, #0
  67              	.LCFI1:
  68              		.cfi_def_cfa_register 7
  30:../Main.c     **** //	status_t status;		// Declaration of return variable for DAVE3 APIs (toggle comment if required)
  31:../Main.c     **** 
  32:../Main.c     **** 
  33:../Main.c     **** 	DAVE_Init();			// Initialization of DAVE Apps
  69              		.loc 1 33 0
  70 0004 FFF7FEFF 		bl	DAVE_Init
  34:../Main.c     **** 
  35:../Main.c     **** 	initLSM9DS1();
  71              		.loc 1 35 0
  72 0008 FFF7FEFF 		bl	initLSM9DS1
  36:../Main.c     **** 	//calibrate(TRUE);
  37:../Main.c     **** 
  38:../Main.c     **** 	initBluetooth();
  73              		.loc 1 38 0
  74 000c FFF7FEFF 		bl	initBluetooth
  75              	.L3:
  39:../Main.c     **** 
  40:../Main.c     **** 	while(1)
  41:../Main.c     **** 	{
  42:../Main.c     **** 		if(initStatus)
  76              		.loc 1 42 0
  77 0010 40F20003 		movw	r3, #:lower16:initStatus
  78 0014 C0F20003 		movt	r3, #:upper16:initStatus
  79 0018 1B78     		ldrb	r3, [r3, #0]	@ zero_extendqisi2
  80 001a 002B     		cmp	r3, #0
  81 001c 01D0     		beq	.L2
  43:../Main.c     **** 		{
  44:../Main.c     **** 			readAccel1();
  82              		.loc 1 44 0
  83 001e FFF7FEFF 		bl	readAccel1
  84              	.L2:
  45:../Main.c     **** 		}
  46:../Main.c     **** 		manageConnection();
  85              		.loc 1 46 0
  86 0022 FFF7FEFF 		bl	manageConnection
  47:../Main.c     **** 	}
  87              		.loc 1 47 0
  88 0026 F3E7     		b	.L3
  89              		.cfi_endproc
  90              	.LFE112:
  92              		.section	.text.initBluetooth,"ax",%progbits
  93              		.align	2
  94              		.global	initBluetooth
  95              		.thumb
  96              		.thumb_func
  98              	initBluetooth:
  99              	.LFB113:
  48:../Main.c     **** 	return 0;
  49:../Main.c     **** }
  50:../Main.c     **** 
  51:../Main.c     **** void initBluetooth(void)
  52:../Main.c     **** {
 100              		.loc 1 52 0
 101              		.cfi_startproc
 102              		@ args = 0, pretend = 0, frame = 0
 103              		@ frame_needed = 1, uses_anonymous_args = 0
 104 0000 80B5     		push	{r7, lr}
 105              	.LCFI2:
 106              		.cfi_def_cfa_offset 8
 107              		.cfi_offset 7, -8
 108              		.cfi_offset 14, -4
 109 0002 82B0     		sub	sp, sp, #8
 110              	.LCFI3:
 111              		.cfi_def_cfa_offset 16
 112 0004 02AF     		add	r7, sp, #8
 113              	.LCFI4:
 114              		.cfi_def_cfa 7, 8
  53:../Main.c     **** 	initVariables();
 115              		.loc 1 53 0
 116 0006 FFF7FEFF 		bl	initVariables
  54:../Main.c     **** 	initCommandsAndAnswers();
 117              		.loc 1 54 0
 118 000a FFF7FEFF 		bl	initCommandsAndAnswers
  55:../Main.c     **** 	initFlowControl();
 119              		.loc 1 55 0
 120 000e FFF7FEFF 		bl	initFlowControl
  56:../Main.c     **** 
  57:../Main.c     **** 	makeTimer(500, SYSTM001_PERIODIC, timerHandler, NULL, &Status, &TimerId);
 121              		.loc 1 57 0
 122 0012 40F20003 		movw	r3, #:lower16:Status
 123 0016 C0F20003 		movt	r3, #:upper16:Status
 124 001a 0093     		str	r3, [sp, #0]
 125 001c 40F20003 		movw	r3, #:lower16:TimerId
 126 0020 C0F20003 		movt	r3, #:upper16:TimerId
 127 0024 0193     		str	r3, [sp, #4]
 128 0026 4FF4FA70 		mov	r0, #500
 129 002a 4FF00101 		mov	r1, #1
 130 002e 40F20002 		movw	r2, #:lower16:timerHandler
 131 0032 C0F20002 		movt	r2, #:upper16:timerHandler
 132 0036 4FF00003 		mov	r3, #0
 133 003a FFF7FEFF 		bl	makeTimer
  58:../Main.c     **** }
 134              		.loc 1 58 0
 135 003e BD46     		mov	sp, r7
 136 0040 80BD     		pop	{r7, pc}
 137              		.cfi_endproc
 138              	.LFE113:
 140 0042 00BF     		.section	.text.initLSM9DS1,"ax",%progbits
 141              		.align	2
 142              		.global	initLSM9DS1
 143              		.thumb
 144              		.thumb_func
 146              	initLSM9DS1:
 147              	.LFB114:
  59:../Main.c     **** 
  60:../Main.c     **** void initLSM9DS1(void)
  61:../Main.c     **** {
 148              		.loc 1 61 0
 149              		.cfi_startproc
 150              		@ args = 0, pretend = 0, frame = 8
 151              		@ frame_needed = 1, uses_anonymous_args = 0
 152 0000 80B5     		push	{r7, lr}
 153              	.LCFI5:
 154              		.cfi_def_cfa_offset 8
 155              		.cfi_offset 7, -8
 156              		.cfi_offset 14, -4
 157 0002 82B0     		sub	sp, sp, #8
 158              	.LCFI6:
 159              		.cfi_def_cfa_offset 16
 160 0004 00AF     		add	r7, sp, #0
 161              	.LCFI7:
 162              		.cfi_def_cfa_register 7
  62:../Main.c     **** 	init(IMU_MODE_I2C, LSM9DS1_AG_ADDR(1), LSM9DS1_M_ADDR(1));
 163              		.loc 1 62 0
 164 0006 4FF00100 		mov	r0, #1
 165 000a 4FF06B01 		mov	r1, #107
 166 000e 4FF01E02 		mov	r2, #30
 167 0012 FFF7FEFF 		bl	init
  63:../Main.c     **** 
  64:../Main.c     **** 	settings.device.commInterface = IMU_MODE_I2C;
 168              		.loc 1 64 0
 169 0016 40F20003 		movw	r3, #:lower16:settings
 170 001a C0F20003 		movt	r3, #:upper16:settings
 171 001e 4FF00102 		mov	r2, #1
 172 0022 1A70     		strb	r2, [r3, #0]
  65:../Main.c     **** 	settings.device.mAddress = LSM9DS1_M;
 173              		.loc 1 65 0
 174 0024 40F20003 		movw	r3, #:lower16:settings
 175 0028 C0F20003 		movt	r3, #:upper16:settings
 176 002c 4FF01E02 		mov	r2, #30
 177 0030 9A70     		strb	r2, [r3, #2]
  66:../Main.c     **** 	settings.device.agAddress = LSM9DS1_AG;
 178              		.loc 1 66 0
 179 0032 40F20003 		movw	r3, #:lower16:settings
 180 0036 C0F20003 		movt	r3, #:upper16:settings
 181 003a 4FF06B02 		mov	r2, #107
 182 003e 5A70     		strb	r2, [r3, #1]
  67:../Main.c     **** 
  68:../Main.c     **** 	if(!begin())
 183              		.loc 1 68 0
 184 0040 FFF7FEFF 		bl	begin
 185 0044 0346     		mov	r3, r0
 186 0046 002B     		cmp	r3, #0
 187 0048 02D1     		bne	.L5
 188              	.LBB2:
  69:../Main.c     **** 	{
  70:../Main.c     **** 		int k = 0;
 189              		.loc 1 70 0
 190 004a 4FF00003 		mov	r3, #0
 191 004e 7B60     		str	r3, [r7, #4]
 192              	.L5:
 193              	.LBE2:
  71:../Main.c     **** 	}
  72:../Main.c     **** }
 194              		.loc 1 72 0
 195 0050 07F10807 		add	r7, r7, #8
 196 0054 BD46     		mov	sp, r7
 197 0056 80BD     		pop	{r7, pc}
 198              		.cfi_endproc
 199              	.LFE114:
 201              		.text
 202              	.Letext0:
 203              		.file 2 "c:\\dave-3.1.10\\arm-gcc\\bin\\../lib/gcc/arm-none-eabi/4.7.4/../../../../arm-none-eabi/i
 204              		.file 3 "C:\\DAVE3_workspace\\mojWorkspace\\Bachelor\\Dave\\Generated\\inc\\DAVESupport/../../inc/
 205              		.file 4 "../LSM9DS1_Types.h"
 206              		.file 5 "C:\\DAVE-3.1.10\\eclipse\\/../CMSIS/Include/core_cm4.h"
 207              		.file 6 "../LSM9DS1_drivers.h"
 208              		.file 7 "../Bluetooth.h"
 209              		.file 8 "C:\\DAVE3_workspace\\mojWorkspace\\Bachelor\\Dave\\Generated\\inc\\DAVESupport/../../inc/
DEFINED SYMBOLS
                            *ABS*:00000000 Main.c
                            *COM*:00000004 TimerId
                            *COM*:00000004 Status
                            *COM*:00000004 WriteTimerId
                            *COM*:00000004 WriteTimerStatus
                            *COM*:00000004 TimerIdReadBytes
                            *COM*:00000004 StatusReadBytes
                            *COM*:00000028 settings
                            *COM*:0000000c gBias
                            *COM*:0000000c aBias
                            *COM*:0000000c mBias
                            *COM*:00000006 gBiasRaw
                            *COM*:00000006 aBiasRaw
                            *COM*:00000006 mBiasRaw
                            *COM*:00000001 _autoCalc
                            *COM*:00000001 _mAddress
                            *COM*:00000001 _xgAddress
                            *COM*:00000004 gRes
                            *COM*:00000004 aRes
                            *COM*:00000004 mRes
                            *COM*:00000002 gx
                            *COM*:00000002 gy
                            *COM*:00000002 gz
                            *COM*:00000002 ax
                            *COM*:00000002 ay
                            *COM*:00000002 az
                            *COM*:00000002 mx
                            *COM*:00000002 my
                            *COM*:00000002 mz
                            *COM*:00000002 temperature
C:\Users\Mateusz\AppData\Local\Temp\ccAEQ1Ff.s:49     .text.main:00000000 $t
C:\Users\Mateusz\AppData\Local\Temp\ccAEQ1Ff.s:54     .text.main:00000000 main
C:\Users\Mateusz\AppData\Local\Temp\ccAEQ1Ff.s:146    .text.initLSM9DS1:00000000 initLSM9DS1
C:\Users\Mateusz\AppData\Local\Temp\ccAEQ1Ff.s:98     .text.initBluetooth:00000000 initBluetooth
C:\Users\Mateusz\AppData\Local\Temp\ccAEQ1Ff.s:93     .text.initBluetooth:00000000 $t
C:\Users\Mateusz\AppData\Local\Temp\ccAEQ1Ff.s:141    .text.initLSM9DS1:00000000 $t
                     .debug_frame:00000010 $d
                           .group:00000000 wm4.1.35166846b5321d4273ad8c4248893ac3
                           .group:00000000 wm4.XMC4500.h.45.215f4b8c79f46c7645c15373868d08c0
                           .group:00000000 wm4.core_cm4.h.47.41af406cb4cda82c972f112a9cd0a024
                           .group:00000000 wm4.newlib.h.8.a9901dc52d1357e3e94003403d43f8b5
                           .group:00000000 wm4.features.h.22.b72b3baab2bb2eab3661375590100b6b
                           .group:00000000 wm4.config.h.193.5fb8ef056cdff92dec3dee9552839d8c
                           .group:00000000 wm4._ansi.h.23.7aefdac4826acebbfc9f3822a0aeb14c
                           .group:00000000 wm4.stdint.h.20.54ad762faa59e3c05491630641c8d8bf
                           .group:00000000 wm4.core_cmInstr.h.39.3d3d1b4a79aef37532666dc6ee87c6ac
                           .group:00000000 wm4.core_cm4_simd.h.43.b5d1d38735af6366227b4256d330cf13
                           .group:00000000 wm4.core_cm4.h.178.e5ef5ce66d198d7f00f9d0076e267c41
                           .group:00000000 wm4.system_XMC4500.h.29.827f68baa362c84f2abae4ab67dde7c9
                           .group:00000000 wm4.XMC4500.h.198.8e022f279ff353ed081df898dc7b9cf3
                           .group:00000000 wm4.stddef.h.40.50cf36416e06376af8a9dca28536f2e4
                           .group:00000000 wm4.types.h.60.e75c47576398c648cdcf9000ace5e3d8
                           .group:00000000 wm4.MULTIPLEXER.h.46.4a863fbae1c79f0db26da3ce2dc30d02
                           .group:00000000 wm4.CCU8PWMLIB.h.74.725ec81203769525cc7a424597055f47
                           .group:00000000 wm4.MOTORLIB.h.62.951091d95913dd2ff36d761323a1771d
                           .group:00000000 wm4.DBG001.h.116.d6d9e7459a0faa3905c97c1d2edb339d
                           .group:00000000 wm4.uc_id.h.35.fa57ecd9f559d2767f56c96da2848c12
                           .group:00000000 wm4.CLK001_Const.h.50.e5e9c2ddc89f4cc9e7b93e9648fa94e4
                           .group:00000000 wm4.CLK001_Conf.h.81.82a8db895dc146da001475dd68223522
                           .group:00000000 wm4.Usic.h.54.8af9f733ba5771eeb374435d205ea54b
                           .group:00000000 wm4.UART001_Conf.h.53.ea28968cb6c53b1be9f53a4d9f42a86f
                           .group:00000000 wm4.IO004.h.53.442ea5eb47ad9eedc675253aa35f3107
                           .group:00000000 wm4.SYSTM001.h.64.6ecb31c49bc3e7691644fdcdfc11b5cd
                           .group:00000000 wm4.I2C001.h.97.5277d52889d6c741e048ea45ee1277b5
                           .group:00000000 wm4.I2C001_Conf.h.58.e471e519f7471a50493b6f4fe912ee0d
                           .group:00000000 wm4._default_types.h.6.5e12cd604db8ce00b62bb2f02708eaf3
                           .group:00000000 wm4.lock.h.2.9bc98482741e5e2a9450b12934a684ea
                           .group:00000000 wm4.stddef.h.161.c6104a0666cf681b6269ddc9b4f516d4
                           .group:00000000 wm4.reent.h.16.9e42f0e588b85e70b2bf6572af57ce64
                           .group:00000000 wm4.stddef.h.161.e50ff8a9d5d1abbc15641da28ac571bf
                           .group:00000000 wm4.string.h.86.d5c872ff52e2712c985b588a0ef39f3c
                           .group:00000000 wm4.Bluetooth.h.14.cf21a82b91d11d12ac5f6708764a05bb
                           .group:00000000 wm4.LSM9DS1_drivers.h.9.225085f752270af24a0df342ed7d3479
                           .group:00000000 wm4.LSM9DS1_Registers.h.9.72af380d6da01de607f77d245bf32825
                           .group:00000000 wm4.stdio.h.27.f2ac352bab34f31f9f478442827b2ba6
                           .group:00000000 wm4.stdarg.h.34.3a23a216c0c293b3d2ea2e89281481e6
                           .group:00000000 wm4.types.h.23.0d949686bbcadd1621462d4fa1f884f9
                           .group:00000000 wm4.types.h.2.e9cec8c90ab35f77d9f499e06ae02400
                           .group:00000000 wm4.types.h.80.1f2c84c0d57dd52dd9936095d9ac218e
                           .group:00000000 wm4.stdio.h.2.4aa87247282eca6c8f36f9de33d8df1a
                           .group:00000000 wm4.stdio.h.63.dfdea6580b080784d08faace69b6ed76

UNDEFINED SYMBOLS
DAVE_Init
initStatus
readAccel1
manageConnection
initVariables
initCommandsAndAnswers
initFlowControl
timerHandler
makeTimer
init
begin
