   1              		.syntax unified
   2              		.cpu cortex-m4
   3              		.eabi_attribute 27, 3
   4              		.fpu fpv4-sp-d16
   5              		.eabi_attribute 20, 1
   6              		.eabi_attribute 21, 1
   7              		.eabi_attribute 23, 3
   8              		.eabi_attribute 24, 1
   9              		.eabi_attribute 25, 1
  10              		.eabi_attribute 26, 1
  11              		.eabi_attribute 30, 6
  12              		.eabi_attribute 34, 1
  13              		.eabi_attribute 18, 4
  14              		.thumb
  15              		.file	"IO004.c"
  16              		.text
  17              	.Ltext0:
  18              		.cfi_sections	.debug_frame
  19              		.section	.text.IO004_Init,"ax",%progbits
  20              		.align	2
  21              		.global	IO004_Init
  22              		.thumb
  23              		.thumb_func
  25              	IO004_Init:
  26              	.LFB112:
  27              		.file 1 "../Dave/Generated/src/IO004/IO004.c"
   1:../Dave/Generated/src/IO004/IO004.c **** /*******************************************************************************
   2:../Dave/Generated/src/IO004/IO004.c **** **  DAVE App Name : IO004       App Version: 1.0.22               
   3:../Dave/Generated/src/IO004/IO004.c **** **  This file is generated by DAVE, User modification to this file will be    **
   4:../Dave/Generated/src/IO004/IO004.c **** **  overwritten at the next code generation.                                  **
   5:../Dave/Generated/src/IO004/IO004.c **** *******************************************************************************/
   6:../Dave/Generated/src/IO004/IO004.c **** 
   7:../Dave/Generated/src/IO004/IO004.c **** 
   8:../Dave/Generated/src/IO004/IO004.c **** /*CODE_BLOCK_BEGIN[IO004.c]*/
   9:../Dave/Generated/src/IO004/IO004.c **** /*******************************************************************************
  10:../Dave/Generated/src/IO004/IO004.c ****  Copyright (c) 2012, Infineon Technologies AG                                 **
  11:../Dave/Generated/src/IO004/IO004.c ****  All rights reserved.                                                         **
  12:../Dave/Generated/src/IO004/IO004.c ****                                                                               **
  13:../Dave/Generated/src/IO004/IO004.c ****  Redistribution and use in source and binary forms, with or without           **
  14:../Dave/Generated/src/IO004/IO004.c ****  modification,are permitted provided that the following conditions are met:   **
  15:../Dave/Generated/src/IO004/IO004.c ****                                                                               **
  16:../Dave/Generated/src/IO004/IO004.c ****  *Redistributions of source code must retain the above copyright notice,      **
  17:../Dave/Generated/src/IO004/IO004.c ****  this list of conditions and the following disclaimer.                        **
  18:../Dave/Generated/src/IO004/IO004.c ****  *Redistributions in binary form must reproduce the above copyright notice,   **
  19:../Dave/Generated/src/IO004/IO004.c ****  this list of conditions and the following disclaimer in the documentation    **
  20:../Dave/Generated/src/IO004/IO004.c ****  and/or other materials provided with the distribution.                       **
  21:../Dave/Generated/src/IO004/IO004.c ****  *Neither the name of the copyright holders nor the names of its contributors **
  22:../Dave/Generated/src/IO004/IO004.c ****  may be used to endorse or promote products derived from this software without**
  23:../Dave/Generated/src/IO004/IO004.c ****  specific prior written permission.                                           **
  24:../Dave/Generated/src/IO004/IO004.c ****                                                                               **
  25:../Dave/Generated/src/IO004/IO004.c ****  THIS SOFTWARE IS PROVIDED BY THE COPYRIGHT HOLDERS AND CONTRIBUTORS "AS IS"  **
  26:../Dave/Generated/src/IO004/IO004.c ****  AND ANY EXPRESS OR IMPLIED WARRANTIES, INCLUDING, BUT NOT LIMITED TO, THE    **
  27:../Dave/Generated/src/IO004/IO004.c ****  IMPLIED WARRANTIES OF MERCHANTABILITY AND FITNESS FOR A PARTICULAR PURPOSE   **
  28:../Dave/Generated/src/IO004/IO004.c ****  ARE  DISCLAIMED. IN NO EVENT SHALL THE COPYRIGHT HOLDER OR CONTRIBUTORS BE   **
  29:../Dave/Generated/src/IO004/IO004.c ****  LIABLE  FOR ANY DIRECT, INDIRECT, INCIDENTAL, SPECIAL, EXEMPLARY, OR         **
  30:../Dave/Generated/src/IO004/IO004.c ****  CONSEQUENTIAL DAMAGES (INCLUDING, BUT NOT LIMITED TO, PROCUREMENT OF         **
  31:../Dave/Generated/src/IO004/IO004.c ****  SUBSTITUTE GOODS OR  SERVICES; LOSS OF USE, DATA, OR PROFITS; OR BUSINESS    **
  32:../Dave/Generated/src/IO004/IO004.c ****  INTERRUPTION) HOWEVER CAUSED AND ON ANY THEORY OF LIABILITY, WHETHER IN      **
  33:../Dave/Generated/src/IO004/IO004.c ****  CONTRACT, STRICT LIABILITY,OR TORT (INCLUDING NEGLIGENCE OR OTHERWISE)       **
  34:../Dave/Generated/src/IO004/IO004.c ****  ARISING IN ANY WAY OUT OF THE USE OF THIS SOFTWARE, EVEN IF ADVISED OF THE   **
  35:../Dave/Generated/src/IO004/IO004.c ****  POSSIBILITY OF SUCH DAMAGE.                                                  **
  36:../Dave/Generated/src/IO004/IO004.c ****                                                                               **
  37:../Dave/Generated/src/IO004/IO004.c ****  To improve the quality of the software, users are encouraged to share        **
  38:../Dave/Generated/src/IO004/IO004.c ****  modifications, enhancements or bug fixes with Infineon Technologies AG       **
  39:../Dave/Generated/src/IO004/IO004.c ****  dave@infineon.com).                                                          **
  40:../Dave/Generated/src/IO004/IO004.c ****                                                                               **
  41:../Dave/Generated/src/IO004/IO004.c **** ********************************************************************************
  42:../Dave/Generated/src/IO004/IO004.c **** **                                                                            **
  43:../Dave/Generated/src/IO004/IO004.c **** **                                                                            **
  44:../Dave/Generated/src/IO004/IO004.c **** ** PLATFORM : Infineon XMC4000/XMC1000 Series                                 **
  45:../Dave/Generated/src/IO004/IO004.c **** **                                                                            **
  46:../Dave/Generated/src/IO004/IO004.c **** ** COMPILER : Compiler Independent                                            **
  47:../Dave/Generated/src/IO004/IO004.c **** **                                                                            **
  48:../Dave/Generated/src/IO004/IO004.c **** ** AUTHOR   : App Developer                                                   **
  49:../Dave/Generated/src/IO004/IO004.c **** **                                                                            **
  50:../Dave/Generated/src/IO004/IO004.c **** ** MAY BE CHANGED BY USER [yes/no]: Yes                                       **
  51:../Dave/Generated/src/IO004/IO004.c **** **                                                                            **
  52:../Dave/Generated/src/IO004/IO004.c **** ** MODIFICATION DATE : Mar 16, 2013                                           **
  53:../Dave/Generated/src/IO004/IO004.c **** **                                                                            **
  54:../Dave/Generated/src/IO004/IO004.c **** *******************************************************************************/
  55:../Dave/Generated/src/IO004/IO004.c **** /*******************************************************************************
  56:../Dave/Generated/src/IO004/IO004.c **** **                      Author(s) Identity                                    **
  57:../Dave/Generated/src/IO004/IO004.c **** ********************************************************************************
  58:../Dave/Generated/src/IO004/IO004.c **** **                                                                            **
  59:../Dave/Generated/src/IO004/IO004.c **** ** Initials     Name                                                          **
  60:../Dave/Generated/src/IO004/IO004.c **** ** ---------------------------------------------------------------------------**
  61:../Dave/Generated/src/IO004/IO004.c **** ** PAE        App Developer                                                   **
  62:../Dave/Generated/src/IO004/IO004.c **** *******************************************************************************/
  63:../Dave/Generated/src/IO004/IO004.c **** /**
  64:../Dave/Generated/src/IO004/IO004.c ****  * @file   IO004.c
  65:../Dave/Generated/src/IO004/IO004.c ****  *
  66:../Dave/Generated/src/IO004/IO004.c ****  * @brief  IO_Digital _IO004 App
  67:../Dave/Generated/src/IO004/IO004.c ****  *
  68:../Dave/Generated/src/IO004/IO004.c ****  * This app can be used to configure a IO Pin when the output shall be 
  69:../Dave/Generated/src/IO004/IO004.c ****  * controlled by software or when it required  just as a input I/O.IO002 App can 
  70:../Dave/Generated/src/IO004/IO004.c ****  * be used in any case except when the output shall be controlled by software.			
  71:../Dave/Generated/src/IO004/IO004.c ****  *
  72:../Dave/Generated/src/IO004/IO004.c ****  *	Note: 
  73:../Dave/Generated/src/IO004/IO004.c ****  *	The App GUI configures the Port Pin as GPIO in input mode by default.
  74:../Dave/Generated/src/IO004/IO004.c ****  */
  75:../Dave/Generated/src/IO004/IO004.c **** /* Revision History 
  76:../Dave/Generated/src/IO004/IO004.c ****  *
  77:../Dave/Generated/src/IO004/IO004.c ****  * 01 Jan 2013  v1.0.12  Disabled Pad Class & Pad driver configuration for 
  78:../Dave/Generated/src/IO004/IO004.c ****  *                       XMC1000.
  79:../Dave/Generated/src/IO004/IO004.c ****  * 16 Mar 2013  v1.0.14  Modified OMR register configuration (Direct assignment 
  80:../Dave/Generated/src/IO004/IO004.c ****  *                       without reading) to upgrade performance.
  81:../Dave/Generated/src/IO004/IO004.c ****  *
  82:../Dave/Generated/src/IO004/IO004.c ****  */
  83:../Dave/Generated/src/IO004/IO004.c **** /*******************************************************************************
  84:../Dave/Generated/src/IO004/IO004.c ****  ** INCLUDE FILES                                                             **
  85:../Dave/Generated/src/IO004/IO004.c ****  ******************************************************************************/
  86:../Dave/Generated/src/IO004/IO004.c **** 
  87:../Dave/Generated/src/IO004/IO004.c **** /** Inclusion of header file */
  88:../Dave/Generated/src/IO004/IO004.c **** #include <DAVE3.h>
  89:../Dave/Generated/src/IO004/IO004.c **** 
  90:../Dave/Generated/src/IO004/IO004.c **** /*******************************************************************************
  91:../Dave/Generated/src/IO004/IO004.c **** **                      Private Macro Definitions                             **
  92:../Dave/Generated/src/IO004/IO004.c **** *******************************************************************************/
  93:../Dave/Generated/src/IO004/IO004.c **** 
  94:../Dave/Generated/src/IO004/IO004.c **** /*******************************************************************************
  95:../Dave/Generated/src/IO004/IO004.c **** **                      Private Type Definitions                              **
  96:../Dave/Generated/src/IO004/IO004.c **** *******************************************************************************/
  97:../Dave/Generated/src/IO004/IO004.c **** 
  98:../Dave/Generated/src/IO004/IO004.c **** /*******************************************************************************
  99:../Dave/Generated/src/IO004/IO004.c **** **                 Private Function Declarations:
 100:../Dave/Generated/src/IO004/IO004.c **** *******************************************************************************/
 101:../Dave/Generated/src/IO004/IO004.c **** 
 102:../Dave/Generated/src/IO004/IO004.c **** /*******************************************************************************
 103:../Dave/Generated/src/IO004/IO004.c **** **                      Global Constant Definitions                           **
 104:../Dave/Generated/src/IO004/IO004.c **** *******************************************************************************/
 105:../Dave/Generated/src/IO004/IO004.c **** 
 106:../Dave/Generated/src/IO004/IO004.c **** /*******************************************************************************
 107:../Dave/Generated/src/IO004/IO004.c **** **                      Global Variable Definitions                           **
 108:../Dave/Generated/src/IO004/IO004.c **** *******************************************************************************/
 109:../Dave/Generated/src/IO004/IO004.c **** 
 110:../Dave/Generated/src/IO004/IO004.c **** /*******************************************************************************
 111:../Dave/Generated/src/IO004/IO004.c **** **                      Private Constant Definitions                          **
 112:../Dave/Generated/src/IO004/IO004.c **** *******************************************************************************/
 113:../Dave/Generated/src/IO004/IO004.c **** 
 114:../Dave/Generated/src/IO004/IO004.c **** /*******************************************************************************
 115:../Dave/Generated/src/IO004/IO004.c **** **                 Function like macro definitions                            **
 116:../Dave/Generated/src/IO004/IO004.c **** *******************************************************************************/
 117:../Dave/Generated/src/IO004/IO004.c **** /*******************************************************************************
 118:../Dave/Generated/src/IO004/IO004.c **** **                      Private Function Definitions                          **
 119:../Dave/Generated/src/IO004/IO004.c **** *******************************************************************************/
 120:../Dave/Generated/src/IO004/IO004.c **** 
 121:../Dave/Generated/src/IO004/IO004.c **** /*******************************************************************************
 122:../Dave/Generated/src/IO004/IO004.c **** **                      Public Function Definitions                           **
 123:../Dave/Generated/src/IO004/IO004.c **** *******************************************************************************/
 124:../Dave/Generated/src/IO004/IO004.c **** /** @ingroup IO004_Func
 125:../Dave/Generated/src/IO004/IO004.c ****  * @{
 126:../Dave/Generated/src/IO004/IO004.c ****  */
 127:../Dave/Generated/src/IO004/IO004.c **** 
 128:../Dave/Generated/src/IO004/IO004.c **** void IO004_Init(void)
 129:../Dave/Generated/src/IO004/IO004.c **** {
  28              		.loc 1 129 0
  29              		.cfi_startproc
  30              		@ args = 0, pretend = 0, frame = 0
  31              		@ frame_needed = 1, uses_anonymous_args = 0
  32              		@ link register save eliminated.
  33 0000 80B4     		push	{r7}
  34              	.LCFI0:
  35              		.cfi_def_cfa_offset 4
  36              		.cfi_offset 7, -4
  37 0002 00AF     		add	r7, sp, #0
  38              	.LCFI1:
  39              		.cfi_def_cfa_register 7
 130:../Dave/Generated/src/IO004/IO004.c ****    /* <<<DD_IO004_API_1>>> */
 131:../Dave/Generated/src/IO004/IO004.c **** 
 132:../Dave/Generated/src/IO004/IO004.c **** 	   
 133:../Dave/Generated/src/IO004/IO004.c **** 
 134:../Dave/Generated/src/IO004/IO004.c ****   /* Configuration of 1 Port 1 based on User configuration */
 135:../Dave/Generated/src/IO004/IO004.c ****   IO004_Handle0.PortRegs->OMR = 0U<< 1;
  40              		.loc 1 135 0
  41 0004 40F20003 		movw	r3, #:lower16:IO004_Handle0
  42 0008 C0F20003 		movt	r3, #:upper16:IO004_Handle0
  43 000c 5B68     		ldr	r3, [r3, #4]
  44 000e 4FF00002 		mov	r2, #0
  45 0012 5A60     		str	r2, [r3, #4]
 136:../Dave/Generated/src/IO004/IO004.c ****   
 137:../Dave/Generated/src/IO004/IO004.c ****   IO004_Handle0.PortRegs->PDR0   &= (uint32_t)(~(PORT1_PDR0_PD1_Msk));
  46              		.loc 1 137 0
  47 0014 40F20003 		movw	r3, #:lower16:IO004_Handle0
  48 0018 C0F20003 		movt	r3, #:upper16:IO004_Handle0
  49 001c 5A68     		ldr	r2, [r3, #4]
  50 001e 40F20003 		movw	r3, #:lower16:IO004_Handle0
  51 0022 C0F20003 		movt	r3, #:upper16:IO004_Handle0
  52 0026 5B68     		ldr	r3, [r3, #4]
  53 0028 1B6C     		ldr	r3, [r3, #64]
  54 002a 23F07003 		bic	r3, r3, #112
  55 002e 1364     		str	r3, [r2, #64]
 138:../Dave/Generated/src/IO004/IO004.c ****   IO004_Handle0.PortRegs->PDR0   |= (uint32_t)((4UL << PORT1_PDR0_PD1_Pos) & \
  56              		.loc 1 138 0
  57 0030 40F20003 		movw	r3, #:lower16:IO004_Handle0
  58 0034 C0F20003 		movt	r3, #:upper16:IO004_Handle0
  59 0038 5A68     		ldr	r2, [r3, #4]
  60 003a 40F20003 		movw	r3, #:lower16:IO004_Handle0
  61 003e C0F20003 		movt	r3, #:upper16:IO004_Handle0
  62 0042 5B68     		ldr	r3, [r3, #4]
  63 0044 1B6C     		ldr	r3, [r3, #64]
  64 0046 43F04003 		orr	r3, r3, #64
  65 004a 1364     		str	r3, [r2, #64]
 139:../Dave/Generated/src/IO004/IO004.c ****                                           PORT1_PDR0_PD1_Msk);
 140:../Dave/Generated/src/IO004/IO004.c ****   IO004_Handle0.PortRegs->IOCR0 |= (0U << 11);   
  66              		.loc 1 140 0
  67 004c 40F20003 		movw	r3, #:lower16:IO004_Handle0
  68 0050 C0F20003 		movt	r3, #:upper16:IO004_Handle0
  69 0054 5A68     		ldr	r2, [r3, #4]
  70 0056 40F20003 		movw	r3, #:lower16:IO004_Handle0
  71 005a C0F20003 		movt	r3, #:upper16:IO004_Handle0
  72 005e 5B68     		ldr	r3, [r3, #4]
  73 0060 1B69     		ldr	r3, [r3, #16]
  74 0062 1361     		str	r3, [r2, #16]
 141:../Dave/Generated/src/IO004/IO004.c **** 
 142:../Dave/Generated/src/IO004/IO004.c ****   /* Configuration of 1 Port 0 based on User configuration */
 143:../Dave/Generated/src/IO004/IO004.c ****   IO004_Handle1.PortRegs->OMR = 0U<< 0;
  75              		.loc 1 143 0
  76 0064 40F20003 		movw	r3, #:lower16:IO004_Handle1
  77 0068 C0F20003 		movt	r3, #:upper16:IO004_Handle1
  78 006c 5B68     		ldr	r3, [r3, #4]
  79 006e 4FF00002 		mov	r2, #0
  80 0072 5A60     		str	r2, [r3, #4]
 144:../Dave/Generated/src/IO004/IO004.c ****   
 145:../Dave/Generated/src/IO004/IO004.c ****   IO004_Handle1.PortRegs->PDR0   &= (uint32_t)(~(PORT1_PDR0_PD0_Msk));
  81              		.loc 1 145 0
  82 0074 40F20003 		movw	r3, #:lower16:IO004_Handle1
  83 0078 C0F20003 		movt	r3, #:upper16:IO004_Handle1
  84 007c 5A68     		ldr	r2, [r3, #4]
  85 007e 40F20003 		movw	r3, #:lower16:IO004_Handle1
  86 0082 C0F20003 		movt	r3, #:upper16:IO004_Handle1
  87 0086 5B68     		ldr	r3, [r3, #4]
  88 0088 1B6C     		ldr	r3, [r3, #64]
  89 008a 23F00703 		bic	r3, r3, #7
  90 008e 1364     		str	r3, [r2, #64]
 146:../Dave/Generated/src/IO004/IO004.c ****   IO004_Handle1.PortRegs->PDR0   |= (uint32_t)((4UL << PORT1_PDR0_PD0_Pos) & \
  91              		.loc 1 146 0
  92 0090 40F20003 		movw	r3, #:lower16:IO004_Handle1
  93 0094 C0F20003 		movt	r3, #:upper16:IO004_Handle1
  94 0098 5A68     		ldr	r2, [r3, #4]
  95 009a 40F20003 		movw	r3, #:lower16:IO004_Handle1
  96 009e C0F20003 		movt	r3, #:upper16:IO004_Handle1
  97 00a2 5B68     		ldr	r3, [r3, #4]
  98 00a4 1B6C     		ldr	r3, [r3, #64]
  99 00a6 43F00403 		orr	r3, r3, #4
 100 00aa 1364     		str	r3, [r2, #64]
 147:../Dave/Generated/src/IO004/IO004.c ****                                           PORT1_PDR0_PD0_Msk);
 148:../Dave/Generated/src/IO004/IO004.c ****   IO004_Handle1.PortRegs->IOCR0 |= (0U << 3);   
 101              		.loc 1 148 0
 102 00ac 40F20003 		movw	r3, #:lower16:IO004_Handle1
 103 00b0 C0F20003 		movt	r3, #:upper16:IO004_Handle1
 104 00b4 5A68     		ldr	r2, [r3, #4]
 105 00b6 40F20003 		movw	r3, #:lower16:IO004_Handle1
 106 00ba C0F20003 		movt	r3, #:upper16:IO004_Handle1
 107 00be 5B68     		ldr	r3, [r3, #4]
 108 00c0 1B69     		ldr	r3, [r3, #16]
 109 00c2 1361     		str	r3, [r2, #16]
 149:../Dave/Generated/src/IO004/IO004.c **** 
 150:../Dave/Generated/src/IO004/IO004.c ****   /* Configuration of 5 Port 7 based on User configuration */
 151:../Dave/Generated/src/IO004/IO004.c ****   IO004_Handle2.PortRegs->OMR = 0U<< 7;
 110              		.loc 1 151 0
 111 00c4 40F20003 		movw	r3, #:lower16:IO004_Handle2
 112 00c8 C0F20003 		movt	r3, #:upper16:IO004_Handle2
 113 00cc 5B68     		ldr	r3, [r3, #4]
 114 00ce 4FF00002 		mov	r2, #0
 115 00d2 5A60     		str	r2, [r3, #4]
 152:../Dave/Generated/src/IO004/IO004.c ****   
 153:../Dave/Generated/src/IO004/IO004.c ****   IO004_Handle2.PortRegs->PDR0   &= (uint32_t)(~(PORT5_PDR0_PD7_Msk));
 116              		.loc 1 153 0
 117 00d4 40F20003 		movw	r3, #:lower16:IO004_Handle2
 118 00d8 C0F20003 		movt	r3, #:upper16:IO004_Handle2
 119 00dc 5A68     		ldr	r2, [r3, #4]
 120 00de 40F20003 		movw	r3, #:lower16:IO004_Handle2
 121 00e2 C0F20003 		movt	r3, #:upper16:IO004_Handle2
 122 00e6 5B68     		ldr	r3, [r3, #4]
 123 00e8 1B6C     		ldr	r3, [r3, #64]
 124 00ea 23F0E043 		bic	r3, r3, #1879048192
 125 00ee 1364     		str	r3, [r2, #64]
 154:../Dave/Generated/src/IO004/IO004.c ****   IO004_Handle2.PortRegs->PDR0   |= (uint32_t)((4UL << PORT5_PDR0_PD7_Pos) & \
 126              		.loc 1 154 0
 127 00f0 40F20003 		movw	r3, #:lower16:IO004_Handle2
 128 00f4 C0F20003 		movt	r3, #:upper16:IO004_Handle2
 129 00f8 5A68     		ldr	r2, [r3, #4]
 130 00fa 40F20003 		movw	r3, #:lower16:IO004_Handle2
 131 00fe C0F20003 		movt	r3, #:upper16:IO004_Handle2
 132 0102 5B68     		ldr	r3, [r3, #4]
 133 0104 1B6C     		ldr	r3, [r3, #64]
 134 0106 43F08043 		orr	r3, r3, #1073741824
 135 010a 1364     		str	r3, [r2, #64]
 155:../Dave/Generated/src/IO004/IO004.c ****                                           PORT5_PDR0_PD7_Msk);
 156:../Dave/Generated/src/IO004/IO004.c ****   IO004_Handle2.PortRegs->IOCR4 |= (0U << 27);   
 136              		.loc 1 156 0
 137 010c 40F20003 		movw	r3, #:lower16:IO004_Handle2
 138 0110 C0F20003 		movt	r3, #:upper16:IO004_Handle2
 139 0114 5A68     		ldr	r2, [r3, #4]
 140 0116 40F20003 		movw	r3, #:lower16:IO004_Handle2
 141 011a C0F20003 		movt	r3, #:upper16:IO004_Handle2
 142 011e 5B68     		ldr	r3, [r3, #4]
 143 0120 5B69     		ldr	r3, [r3, #20]
 144 0122 5361     		str	r3, [r2, #20]
 157:../Dave/Generated/src/IO004/IO004.c **** 
 158:../Dave/Generated/src/IO004/IO004.c ****   /* Configuration of 1 Port 15 based on User configuration */
 159:../Dave/Generated/src/IO004/IO004.c ****   IO004_Handle3.PortRegs->OMR = 0U<< 15;
 145              		.loc 1 159 0
 146 0124 40F20003 		movw	r3, #:lower16:IO004_Handle3
 147 0128 C0F20003 		movt	r3, #:upper16:IO004_Handle3
 148 012c 5B68     		ldr	r3, [r3, #4]
 149 012e 4FF00002 		mov	r2, #0
 150 0132 5A60     		str	r2, [r3, #4]
 160:../Dave/Generated/src/IO004/IO004.c ****   
 161:../Dave/Generated/src/IO004/IO004.c ****   IO004_Handle3.PortRegs->PDR1  &= (uint32_t)(~(PORT1_PDR1_PD15_Msk));
 151              		.loc 1 161 0
 152 0134 40F20003 		movw	r3, #:lower16:IO004_Handle3
 153 0138 C0F20003 		movt	r3, #:upper16:IO004_Handle3
 154 013c 5A68     		ldr	r2, [r3, #4]
 155 013e 40F20003 		movw	r3, #:lower16:IO004_Handle3
 156 0142 C0F20003 		movt	r3, #:upper16:IO004_Handle3
 157 0146 5B68     		ldr	r3, [r3, #4]
 158 0148 5B6C     		ldr	r3, [r3, #68]
 159 014a 23F0E043 		bic	r3, r3, #1879048192
 160 014e 5364     		str	r3, [r2, #68]
 162:../Dave/Generated/src/IO004/IO004.c ****   IO004_Handle3.PortRegs->PDR1  |= (uint32_t)((4UL << PORT1_PDR1_PD15_Pos) & \
 161              		.loc 1 162 0
 162 0150 40F20003 		movw	r3, #:lower16:IO004_Handle3
 163 0154 C0F20003 		movt	r3, #:upper16:IO004_Handle3
 164 0158 5A68     		ldr	r2, [r3, #4]
 165 015a 40F20003 		movw	r3, #:lower16:IO004_Handle3
 166 015e C0F20003 		movt	r3, #:upper16:IO004_Handle3
 167 0162 5B68     		ldr	r3, [r3, #4]
 168 0164 5B6C     		ldr	r3, [r3, #68]
 169 0166 43F08043 		orr	r3, r3, #1073741824
 170 016a 5364     		str	r3, [r2, #68]
 163:../Dave/Generated/src/IO004/IO004.c ****                                      PORT1_PDR1_PD15_Msk);
 164:../Dave/Generated/src/IO004/IO004.c ****   IO004_Handle3.PortRegs->IOCR12 |= (0U << 27);   
 171              		.loc 1 164 0
 172 016c 40F20003 		movw	r3, #:lower16:IO004_Handle3
 173 0170 C0F20003 		movt	r3, #:upper16:IO004_Handle3
 174 0174 5A68     		ldr	r2, [r3, #4]
 175 0176 40F20003 		movw	r3, #:lower16:IO004_Handle3
 176 017a C0F20003 		movt	r3, #:upper16:IO004_Handle3
 177 017e 5B68     		ldr	r3, [r3, #4]
 178 0180 DB69     		ldr	r3, [r3, #28]
 179 0182 D361     		str	r3, [r2, #28]
 165:../Dave/Generated/src/IO004/IO004.c **** 
 166:../Dave/Generated/src/IO004/IO004.c ****   /* Configuration of 1 Port 13 based on User configuration */
 167:../Dave/Generated/src/IO004/IO004.c ****   IO004_Handle4.PortRegs->OMR = 0U<< 13;
 180              		.loc 1 167 0
 181 0184 40F20003 		movw	r3, #:lower16:IO004_Handle4
 182 0188 C0F20003 		movt	r3, #:upper16:IO004_Handle4
 183 018c 5B68     		ldr	r3, [r3, #4]
 184 018e 4FF00002 		mov	r2, #0
 185 0192 5A60     		str	r2, [r3, #4]
 168:../Dave/Generated/src/IO004/IO004.c ****   
 169:../Dave/Generated/src/IO004/IO004.c ****   IO004_Handle4.PortRegs->PDR1  &= (uint32_t)(~(PORT1_PDR1_PD13_Msk));
 186              		.loc 1 169 0
 187 0194 40F20003 		movw	r3, #:lower16:IO004_Handle4
 188 0198 C0F20003 		movt	r3, #:upper16:IO004_Handle4
 189 019c 5A68     		ldr	r2, [r3, #4]
 190 019e 40F20003 		movw	r3, #:lower16:IO004_Handle4
 191 01a2 C0F20003 		movt	r3, #:upper16:IO004_Handle4
 192 01a6 5B68     		ldr	r3, [r3, #4]
 193 01a8 5B6C     		ldr	r3, [r3, #68]
 194 01aa 23F4E003 		bic	r3, r3, #7340032
 195 01ae 5364     		str	r3, [r2, #68]
 170:../Dave/Generated/src/IO004/IO004.c ****   IO004_Handle4.PortRegs->PDR1  |= (uint32_t)((4UL << PORT1_PDR1_PD13_Pos) & \
 196              		.loc 1 170 0
 197 01b0 40F20003 		movw	r3, #:lower16:IO004_Handle4
 198 01b4 C0F20003 		movt	r3, #:upper16:IO004_Handle4
 199 01b8 5A68     		ldr	r2, [r3, #4]
 200 01ba 40F20003 		movw	r3, #:lower16:IO004_Handle4
 201 01be C0F20003 		movt	r3, #:upper16:IO004_Handle4
 202 01c2 5B68     		ldr	r3, [r3, #4]
 203 01c4 5B6C     		ldr	r3, [r3, #68]
 204 01c6 43F48003 		orr	r3, r3, #4194304
 205 01ca 5364     		str	r3, [r2, #68]
 171:../Dave/Generated/src/IO004/IO004.c ****                                      PORT1_PDR1_PD13_Msk);
 172:../Dave/Generated/src/IO004/IO004.c ****   IO004_Handle4.PortRegs->IOCR12 |= (0U << 11);
 206              		.loc 1 172 0
 207 01cc 40F20003 		movw	r3, #:lower16:IO004_Handle4
 208 01d0 C0F20003 		movt	r3, #:upper16:IO004_Handle4
 209 01d4 5A68     		ldr	r2, [r3, #4]
 210 01d6 40F20003 		movw	r3, #:lower16:IO004_Handle4
 211 01da C0F20003 		movt	r3, #:upper16:IO004_Handle4
 212 01de 5B68     		ldr	r3, [r3, #4]
 213 01e0 DB69     		ldr	r3, [r3, #28]
 214 01e2 D361     		str	r3, [r2, #28]
 173:../Dave/Generated/src/IO004/IO004.c **** }
 215              		.loc 1 173 0
 216 01e4 BD46     		mov	sp, r7
 217 01e6 80BC     		pop	{r7}
 218 01e8 7047     		bx	lr
 219              		.cfi_endproc
 220              	.LFE112:
 222 01ea 00BF     		.section	.text.IO004_DisableOutputDriver,"ax",%progbits
 223              		.align	2
 224              		.global	IO004_DisableOutputDriver
 225              		.thumb
 226              		.thumb_func
 228              	IO004_DisableOutputDriver:
 229              	.LFB113:
 174:../Dave/Generated/src/IO004/IO004.c **** 
 175:../Dave/Generated/src/IO004/IO004.c **** void IO004_DisableOutputDriver(const IO004_HandleType* Handle,IO004_InputModeType Mode)
 176:../Dave/Generated/src/IO004/IO004.c **** {
 230              		.loc 1 176 0
 231              		.cfi_startproc
 232              		@ args = 0, pretend = 0, frame = 16
 233              		@ frame_needed = 1, uses_anonymous_args = 0
 234              		@ link register save eliminated.
 235 0000 80B4     		push	{r7}
 236              	.LCFI2:
 237              		.cfi_def_cfa_offset 4
 238              		.cfi_offset 7, -4
 239 0002 85B0     		sub	sp, sp, #20
 240              	.LCFI3:
 241              		.cfi_def_cfa_offset 24
 242 0004 00AF     		add	r7, sp, #0
 243              	.LCFI4:
 244              		.cfi_def_cfa_register 7
 245 0006 7860     		str	r0, [r7, #4]
 246 0008 0B46     		mov	r3, r1
 247 000a FB70     		strb	r3, [r7, #3]
 177:../Dave/Generated/src/IO004/IO004.c ****   uint8_t Pin = Handle->PortPin;
 248              		.loc 1 177 0
 249 000c 7B68     		ldr	r3, [r7, #4]
 250 000e 5B78     		ldrb	r3, [r3, #1]
 251 0010 FB73     		strb	r3, [r7, #15]
 178:../Dave/Generated/src/IO004/IO004.c ****   /* <<<DD_IO004_API_2>>> */
 179:../Dave/Generated/src/IO004/IO004.c ****   if(Pin < 4U)
 252              		.loc 1 179 0
 253 0012 FB7B     		ldrb	r3, [r7, #15]	@ zero_extendqisi2
 254 0014 032B     		cmp	r3, #3
 255 0016 23D8     		bhi	.L3
 180:../Dave/Generated/src/IO004/IO004.c ****   {
 181:../Dave/Generated/src/IO004/IO004.c ****     Handle->PortRegs->IOCR0  =  (uint32_t)(Handle->PortRegs->IOCR0 & ~(0x0000001FUL << (3U+(Pin*8U)
 256              		.loc 1 181 0
 257 0018 7B68     		ldr	r3, [r7, #4]
 258 001a 5B68     		ldr	r3, [r3, #4]
 259 001c 7A68     		ldr	r2, [r7, #4]
 260 001e 5268     		ldr	r2, [r2, #4]
 261 0020 1169     		ldr	r1, [r2, #16]
 262 0022 FA7B     		ldrb	r2, [r7, #15]	@ zero_extendqisi2
 263 0024 4FEAC202 		lsl	r2, r2, #3
 264 0028 02F10302 		add	r2, r2, #3
 265 002c 4FF01F00 		mov	r0, #31
 266 0030 00FA02F2 		lsl	r2, r0, r2
 267 0034 6FEA0202 		mvn	r2, r2
 268 0038 0A40     		ands	r2, r2, r1
 269 003a 1A61     		str	r2, [r3, #16]
 182:../Dave/Generated/src/IO004/IO004.c ****     Handle->PortRegs->IOCR0 |= (uint32_t)(((uint32_t)Mode & 0x1FUL) << (3U+(Pin*8U)));
 270              		.loc 1 182 0
 271 003c 7B68     		ldr	r3, [r7, #4]
 272 003e 5B68     		ldr	r3, [r3, #4]
 273 0040 7A68     		ldr	r2, [r7, #4]
 274 0042 5268     		ldr	r2, [r2, #4]
 275 0044 1169     		ldr	r1, [r2, #16]
 276 0046 FA78     		ldrb	r2, [r7, #3]	@ zero_extendqisi2
 277 0048 02F01F00 		and	r0, r2, #31
 278 004c FA7B     		ldrb	r2, [r7, #15]	@ zero_extendqisi2
 279 004e 4FEAC202 		lsl	r2, r2, #3
 280 0052 02F10302 		add	r2, r2, #3
 281 0056 00FA02F2 		lsl	r2, r0, r2
 282 005a 0A43     		orrs	r2, r2, r1
 283 005c 1A61     		str	r2, [r3, #16]
 284 005e 88E0     		b	.L2
 285              	.L3:
 183:../Dave/Generated/src/IO004/IO004.c ****   } else if ((Pin >= 4U) && (Pin <= 7U))
 286              		.loc 1 183 0
 287 0060 FB7B     		ldrb	r3, [r7, #15]	@ zero_extendqisi2
 288 0062 032B     		cmp	r3, #3
 289 0064 2AD9     		bls	.L5
 290              		.loc 1 183 0 is_stmt 0 discriminator 1
 291 0066 FB7B     		ldrb	r3, [r7, #15]	@ zero_extendqisi2
 292 0068 072B     		cmp	r3, #7
 293 006a 27D8     		bhi	.L5
 184:../Dave/Generated/src/IO004/IO004.c ****   {
 185:../Dave/Generated/src/IO004/IO004.c ****     Pin = Pin - 4U;
 294              		.loc 1 185 0 is_stmt 1
 295 006c FB7B     		ldrb	r3, [r7, #15]
 296 006e A3F10403 		sub	r3, r3, #4
 297 0072 FB73     		strb	r3, [r7, #15]
 186:../Dave/Generated/src/IO004/IO004.c ****     Handle->PortRegs->IOCR4  =  (uint32_t)(Handle->PortRegs->IOCR4 & ~(0x0000001FUL << (3U+(Pin*8U)
 298              		.loc 1 186 0
 299 0074 7B68     		ldr	r3, [r7, #4]
 300 0076 5B68     		ldr	r3, [r3, #4]
 301 0078 7A68     		ldr	r2, [r7, #4]
 302 007a 5268     		ldr	r2, [r2, #4]
 303 007c 5169     		ldr	r1, [r2, #20]
 304 007e FA7B     		ldrb	r2, [r7, #15]	@ zero_extendqisi2
 305 0080 4FEAC202 		lsl	r2, r2, #3
 306 0084 02F10302 		add	r2, r2, #3
 307 0088 4FF01F00 		mov	r0, #31
 308 008c 00FA02F2 		lsl	r2, r0, r2
 309 0090 6FEA0202 		mvn	r2, r2
 310 0094 0A40     		ands	r2, r2, r1
 311 0096 5A61     		str	r2, [r3, #20]
 187:../Dave/Generated/src/IO004/IO004.c ****     Handle->PortRegs->IOCR4 |=  (uint32_t)(((uint32_t)Mode & 0x1FUL) << (3U+(Pin*8U)));
 312              		.loc 1 187 0
 313 0098 7B68     		ldr	r3, [r7, #4]
 314 009a 5B68     		ldr	r3, [r3, #4]
 315 009c 7A68     		ldr	r2, [r7, #4]
 316 009e 5268     		ldr	r2, [r2, #4]
 317 00a0 5169     		ldr	r1, [r2, #20]
 318 00a2 FA78     		ldrb	r2, [r7, #3]	@ zero_extendqisi2
 319 00a4 02F01F00 		and	r0, r2, #31
 320 00a8 FA7B     		ldrb	r2, [r7, #15]	@ zero_extendqisi2
 321 00aa 4FEAC202 		lsl	r2, r2, #3
 322 00ae 02F10302 		add	r2, r2, #3
 323 00b2 00FA02F2 		lsl	r2, r0, r2
 324 00b6 0A43     		orrs	r2, r2, r1
 325 00b8 5A61     		str	r2, [r3, #20]
 326 00ba 5AE0     		b	.L2
 327              	.L5:
 188:../Dave/Generated/src/IO004/IO004.c ****   } else if ((Pin >= 8U) && (Pin <= 11U))
 328              		.loc 1 188 0
 329 00bc FB7B     		ldrb	r3, [r7, #15]	@ zero_extendqisi2
 330 00be 072B     		cmp	r3, #7
 331 00c0 2AD9     		bls	.L6
 332              		.loc 1 188 0 is_stmt 0 discriminator 1
 333 00c2 FB7B     		ldrb	r3, [r7, #15]	@ zero_extendqisi2
 334 00c4 0B2B     		cmp	r3, #11
 335 00c6 27D8     		bhi	.L6
 189:../Dave/Generated/src/IO004/IO004.c ****   {
 190:../Dave/Generated/src/IO004/IO004.c ****     Pin = Pin - 8U;
 336              		.loc 1 190 0 is_stmt 1
 337 00c8 FB7B     		ldrb	r3, [r7, #15]
 338 00ca A3F10803 		sub	r3, r3, #8
 339 00ce FB73     		strb	r3, [r7, #15]
 191:../Dave/Generated/src/IO004/IO004.c ****     Handle->PortRegs->IOCR8  =  (uint32_t)(Handle->PortRegs->IOCR8 & ~(0x0000001FUL << (3U+(Pin*8U)
 340              		.loc 1 191 0
 341 00d0 7B68     		ldr	r3, [r7, #4]
 342 00d2 5B68     		ldr	r3, [r3, #4]
 343 00d4 7A68     		ldr	r2, [r7, #4]
 344 00d6 5268     		ldr	r2, [r2, #4]
 345 00d8 9169     		ldr	r1, [r2, #24]
 346 00da FA7B     		ldrb	r2, [r7, #15]	@ zero_extendqisi2
 347 00dc 4FEAC202 		lsl	r2, r2, #3
 348 00e0 02F10302 		add	r2, r2, #3
 349 00e4 4FF01F00 		mov	r0, #31
 350 00e8 00FA02F2 		lsl	r2, r0, r2
 351 00ec 6FEA0202 		mvn	r2, r2
 352 00f0 0A40     		ands	r2, r2, r1
 353 00f2 9A61     		str	r2, [r3, #24]
 192:../Dave/Generated/src/IO004/IO004.c ****     Handle->PortRegs->IOCR8 |=  (uint32_t)(((uint32_t)Mode & 0x1FUL) << (3U+(Pin*8U)));
 354              		.loc 1 192 0
 355 00f4 7B68     		ldr	r3, [r7, #4]
 356 00f6 5B68     		ldr	r3, [r3, #4]
 357 00f8 7A68     		ldr	r2, [r7, #4]
 358 00fa 5268     		ldr	r2, [r2, #4]
 359 00fc 9169     		ldr	r1, [r2, #24]
 360 00fe FA78     		ldrb	r2, [r7, #3]	@ zero_extendqisi2
 361 0100 02F01F00 		and	r0, r2, #31
 362 0104 FA7B     		ldrb	r2, [r7, #15]	@ zero_extendqisi2
 363 0106 4FEAC202 		lsl	r2, r2, #3
 364 010a 02F10302 		add	r2, r2, #3
 365 010e 00FA02F2 		lsl	r2, r0, r2
 366 0112 0A43     		orrs	r2, r2, r1
 367 0114 9A61     		str	r2, [r3, #24]
 368 0116 2CE0     		b	.L2
 369              	.L6:
 193:../Dave/Generated/src/IO004/IO004.c ****   } else if ((Pin >= 12U) && (Pin <= 15U))
 370              		.loc 1 193 0
 371 0118 FB7B     		ldrb	r3, [r7, #15]	@ zero_extendqisi2
 372 011a 0B2B     		cmp	r3, #11
 373 011c 29D9     		bls	.L2
 374              		.loc 1 193 0 is_stmt 0 discriminator 1
 375 011e FB7B     		ldrb	r3, [r7, #15]	@ zero_extendqisi2
 376 0120 0F2B     		cmp	r3, #15
 377 0122 26D8     		bhi	.L2
 194:../Dave/Generated/src/IO004/IO004.c ****   {
 195:../Dave/Generated/src/IO004/IO004.c ****     Pin = Pin - 12U;
 378              		.loc 1 195 0 is_stmt 1
 379 0124 FB7B     		ldrb	r3, [r7, #15]
 380 0126 A3F10C03 		sub	r3, r3, #12
 381 012a FB73     		strb	r3, [r7, #15]
 196:../Dave/Generated/src/IO004/IO004.c ****     Handle->PortRegs->IOCR12  =  (uint32_t)(Handle->PortRegs->IOCR12 & ~(0x0000001FUL << (3U+(Pin*8
 382              		.loc 1 196 0
 383 012c 7B68     		ldr	r3, [r7, #4]
 384 012e 5B68     		ldr	r3, [r3, #4]
 385 0130 7A68     		ldr	r2, [r7, #4]
 386 0132 5268     		ldr	r2, [r2, #4]
 387 0134 D169     		ldr	r1, [r2, #28]
 388 0136 FA7B     		ldrb	r2, [r7, #15]	@ zero_extendqisi2
 389 0138 4FEAC202 		lsl	r2, r2, #3
 390 013c 02F10302 		add	r2, r2, #3
 391 0140 4FF01F00 		mov	r0, #31
 392 0144 00FA02F2 		lsl	r2, r0, r2
 393 0148 6FEA0202 		mvn	r2, r2
 394 014c 0A40     		ands	r2, r2, r1
 395 014e DA61     		str	r2, [r3, #28]
 197:../Dave/Generated/src/IO004/IO004.c ****     Handle->PortRegs->IOCR12 |=  (uint32_t)(((uint32_t)Mode & 0x1FUL) << (3U+(Pin*8U)));
 396              		.loc 1 197 0
 397 0150 7B68     		ldr	r3, [r7, #4]
 398 0152 5B68     		ldr	r3, [r3, #4]
 399 0154 7A68     		ldr	r2, [r7, #4]
 400 0156 5268     		ldr	r2, [r2, #4]
 401 0158 D169     		ldr	r1, [r2, #28]
 402 015a FA78     		ldrb	r2, [r7, #3]	@ zero_extendqisi2
 403 015c 02F01F00 		and	r0, r2, #31
 404 0160 FA7B     		ldrb	r2, [r7, #15]	@ zero_extendqisi2
 405 0162 4FEAC202 		lsl	r2, r2, #3
 406 0166 02F10302 		add	r2, r2, #3
 407 016a 00FA02F2 		lsl	r2, r0, r2
 408 016e 0A43     		orrs	r2, r2, r1
 409 0170 DA61     		str	r2, [r3, #28]
 410              	.L2:
 198:../Dave/Generated/src/IO004/IO004.c ****   }
 199:../Dave/Generated/src/IO004/IO004.c ****   else
 200:../Dave/Generated/src/IO004/IO004.c ****   {
 201:../Dave/Generated/src/IO004/IO004.c **** 	  /*Not supposed to be here */
 202:../Dave/Generated/src/IO004/IO004.c ****   }
 203:../Dave/Generated/src/IO004/IO004.c **** 
 204:../Dave/Generated/src/IO004/IO004.c **** }
 411              		.loc 1 204 0
 412 0172 07F11407 		add	r7, r7, #20
 413 0176 BD46     		mov	sp, r7
 414 0178 80BC     		pop	{r7}
 415 017a 7047     		bx	lr
 416              		.cfi_endproc
 417              	.LFE113:
 419              		.section	.text.IO004_EnableOutputDriver,"ax",%progbits
 420              		.align	2
 421              		.global	IO004_EnableOutputDriver
 422              		.thumb
 423              		.thumb_func
 425              	IO004_EnableOutputDriver:
 426              	.LFB114:
 205:../Dave/Generated/src/IO004/IO004.c **** 
 206:../Dave/Generated/src/IO004/IO004.c **** void IO004_EnableOutputDriver(const IO004_HandleType* Handle,IO004_OutputModeType Mode)
 207:../Dave/Generated/src/IO004/IO004.c **** {
 427              		.loc 1 207 0
 428              		.cfi_startproc
 429              		@ args = 0, pretend = 0, frame = 16
 430              		@ frame_needed = 1, uses_anonymous_args = 0
 431              		@ link register save eliminated.
 432 0000 80B4     		push	{r7}
 433              	.LCFI5:
 434              		.cfi_def_cfa_offset 4
 435              		.cfi_offset 7, -4
 436 0002 85B0     		sub	sp, sp, #20
 437              	.LCFI6:
 438              		.cfi_def_cfa_offset 24
 439 0004 00AF     		add	r7, sp, #0
 440              	.LCFI7:
 441              		.cfi_def_cfa_register 7
 442 0006 7860     		str	r0, [r7, #4]
 443 0008 0B46     		mov	r3, r1
 444 000a FB70     		strb	r3, [r7, #3]
 208:../Dave/Generated/src/IO004/IO004.c **** 
 209:../Dave/Generated/src/IO004/IO004.c ****   uint8_t Pin = Handle->PortPin;
 445              		.loc 1 209 0
 446 000c 7B68     		ldr	r3, [r7, #4]
 447 000e 5B78     		ldrb	r3, [r3, #1]
 448 0010 FB73     		strb	r3, [r7, #15]
 210:../Dave/Generated/src/IO004/IO004.c ****   /* <<<DD_IO004_API_2>>> */
 211:../Dave/Generated/src/IO004/IO004.c ****   if(Pin < 4U)
 449              		.loc 1 211 0
 450 0012 FB7B     		ldrb	r3, [r7, #15]	@ zero_extendqisi2
 451 0014 032B     		cmp	r3, #3
 452 0016 23D8     		bhi	.L8
 212:../Dave/Generated/src/IO004/IO004.c ****   {
 213:../Dave/Generated/src/IO004/IO004.c ****     Handle->PortRegs->IOCR0  =  (uint32_t)(Handle->PortRegs->IOCR0 & ~(0x0000001FUL << (3U+(Pin*8U)
 453              		.loc 1 213 0
 454 0018 7B68     		ldr	r3, [r7, #4]
 455 001a 5B68     		ldr	r3, [r3, #4]
 456 001c 7A68     		ldr	r2, [r7, #4]
 457 001e 5268     		ldr	r2, [r2, #4]
 458 0020 1169     		ldr	r1, [r2, #16]
 459 0022 FA7B     		ldrb	r2, [r7, #15]	@ zero_extendqisi2
 460 0024 4FEAC202 		lsl	r2, r2, #3
 461 0028 02F10302 		add	r2, r2, #3
 462 002c 4FF01F00 		mov	r0, #31
 463 0030 00FA02F2 		lsl	r2, r0, r2
 464 0034 6FEA0202 		mvn	r2, r2
 465 0038 0A40     		ands	r2, r2, r1
 466 003a 1A61     		str	r2, [r3, #16]
 214:../Dave/Generated/src/IO004/IO004.c ****     Handle->PortRegs->IOCR0 |=  (uint32_t)(((uint32_t)Mode & 0x1FUL) << (3U+(Pin*8U)));
 467              		.loc 1 214 0
 468 003c 7B68     		ldr	r3, [r7, #4]
 469 003e 5B68     		ldr	r3, [r3, #4]
 470 0040 7A68     		ldr	r2, [r7, #4]
 471 0042 5268     		ldr	r2, [r2, #4]
 472 0044 1169     		ldr	r1, [r2, #16]
 473 0046 FA78     		ldrb	r2, [r7, #3]	@ zero_extendqisi2
 474 0048 02F01F00 		and	r0, r2, #31
 475 004c FA7B     		ldrb	r2, [r7, #15]	@ zero_extendqisi2
 476 004e 4FEAC202 		lsl	r2, r2, #3
 477 0052 02F10302 		add	r2, r2, #3
 478 0056 00FA02F2 		lsl	r2, r0, r2
 479 005a 0A43     		orrs	r2, r2, r1
 480 005c 1A61     		str	r2, [r3, #16]
 481 005e 88E0     		b	.L7
 482              	.L8:
 215:../Dave/Generated/src/IO004/IO004.c ****   } else if ((Pin >= 4U) && (Pin <= 7U))
 483              		.loc 1 215 0
 484 0060 FB7B     		ldrb	r3, [r7, #15]	@ zero_extendqisi2
 485 0062 032B     		cmp	r3, #3
 486 0064 2AD9     		bls	.L10
 487              		.loc 1 215 0 is_stmt 0 discriminator 1
 488 0066 FB7B     		ldrb	r3, [r7, #15]	@ zero_extendqisi2
 489 0068 072B     		cmp	r3, #7
 490 006a 27D8     		bhi	.L10
 216:../Dave/Generated/src/IO004/IO004.c ****   {
 217:../Dave/Generated/src/IO004/IO004.c ****     Pin = Pin - 4U;
 491              		.loc 1 217 0 is_stmt 1
 492 006c FB7B     		ldrb	r3, [r7, #15]
 493 006e A3F10403 		sub	r3, r3, #4
 494 0072 FB73     		strb	r3, [r7, #15]
 218:../Dave/Generated/src/IO004/IO004.c ****     Handle->PortRegs->IOCR4  =  (uint32_t)(Handle->PortRegs->IOCR4 & ~(0x0000001FUL << (3U+(Pin*8U)
 495              		.loc 1 218 0
 496 0074 7B68     		ldr	r3, [r7, #4]
 497 0076 5B68     		ldr	r3, [r3, #4]
 498 0078 7A68     		ldr	r2, [r7, #4]
 499 007a 5268     		ldr	r2, [r2, #4]
 500 007c 5169     		ldr	r1, [r2, #20]
 501 007e FA7B     		ldrb	r2, [r7, #15]	@ zero_extendqisi2
 502 0080 4FEAC202 		lsl	r2, r2, #3
 503 0084 02F10302 		add	r2, r2, #3
 504 0088 4FF01F00 		mov	r0, #31
 505 008c 00FA02F2 		lsl	r2, r0, r2
 506 0090 6FEA0202 		mvn	r2, r2
 507 0094 0A40     		ands	r2, r2, r1
 508 0096 5A61     		str	r2, [r3, #20]
 219:../Dave/Generated/src/IO004/IO004.c ****     Handle->PortRegs->IOCR4 |=  (uint32_t)(((uint32_t)Mode & 0x1FUL) << (3U+(Pin*8U)));
 509              		.loc 1 219 0
 510 0098 7B68     		ldr	r3, [r7, #4]
 511 009a 5B68     		ldr	r3, [r3, #4]
 512 009c 7A68     		ldr	r2, [r7, #4]
 513 009e 5268     		ldr	r2, [r2, #4]
 514 00a0 5169     		ldr	r1, [r2, #20]
 515 00a2 FA78     		ldrb	r2, [r7, #3]	@ zero_extendqisi2
 516 00a4 02F01F00 		and	r0, r2, #31
 517 00a8 FA7B     		ldrb	r2, [r7, #15]	@ zero_extendqisi2
 518 00aa 4FEAC202 		lsl	r2, r2, #3
 519 00ae 02F10302 		add	r2, r2, #3
 520 00b2 00FA02F2 		lsl	r2, r0, r2
 521 00b6 0A43     		orrs	r2, r2, r1
 522 00b8 5A61     		str	r2, [r3, #20]
 523 00ba 5AE0     		b	.L7
 524              	.L10:
 220:../Dave/Generated/src/IO004/IO004.c ****   } else if ((Pin >= 8U) && (Pin <= 11U))
 525              		.loc 1 220 0
 526 00bc FB7B     		ldrb	r3, [r7, #15]	@ zero_extendqisi2
 527 00be 072B     		cmp	r3, #7
 528 00c0 2AD9     		bls	.L11
 529              		.loc 1 220 0 is_stmt 0 discriminator 1
 530 00c2 FB7B     		ldrb	r3, [r7, #15]	@ zero_extendqisi2
 531 00c4 0B2B     		cmp	r3, #11
 532 00c6 27D8     		bhi	.L11
 221:../Dave/Generated/src/IO004/IO004.c ****   {
 222:../Dave/Generated/src/IO004/IO004.c ****     Pin = Pin - 8U;
 533              		.loc 1 222 0 is_stmt 1
 534 00c8 FB7B     		ldrb	r3, [r7, #15]
 535 00ca A3F10803 		sub	r3, r3, #8
 536 00ce FB73     		strb	r3, [r7, #15]
 223:../Dave/Generated/src/IO004/IO004.c ****     Handle->PortRegs->IOCR8  =  (uint32_t)(Handle->PortRegs->IOCR8 & ~(0x0000001FUL << (3U+(Pin*8U)
 537              		.loc 1 223 0
 538 00d0 7B68     		ldr	r3, [r7, #4]
 539 00d2 5B68     		ldr	r3, [r3, #4]
 540 00d4 7A68     		ldr	r2, [r7, #4]
 541 00d6 5268     		ldr	r2, [r2, #4]
 542 00d8 9169     		ldr	r1, [r2, #24]
 543 00da FA7B     		ldrb	r2, [r7, #15]	@ zero_extendqisi2
 544 00dc 4FEAC202 		lsl	r2, r2, #3
 545 00e0 02F10302 		add	r2, r2, #3
 546 00e4 4FF01F00 		mov	r0, #31
 547 00e8 00FA02F2 		lsl	r2, r0, r2
 548 00ec 6FEA0202 		mvn	r2, r2
 549 00f0 0A40     		ands	r2, r2, r1
 550 00f2 9A61     		str	r2, [r3, #24]
 224:../Dave/Generated/src/IO004/IO004.c ****     Handle->PortRegs->IOCR8 |=  (uint32_t)(((uint32_t)Mode & 0x1FUL) << (3U+(Pin*8U)));
 551              		.loc 1 224 0
 552 00f4 7B68     		ldr	r3, [r7, #4]
 553 00f6 5B68     		ldr	r3, [r3, #4]
 554 00f8 7A68     		ldr	r2, [r7, #4]
 555 00fa 5268     		ldr	r2, [r2, #4]
 556 00fc 9169     		ldr	r1, [r2, #24]
 557 00fe FA78     		ldrb	r2, [r7, #3]	@ zero_extendqisi2
 558 0100 02F01F00 		and	r0, r2, #31
 559 0104 FA7B     		ldrb	r2, [r7, #15]	@ zero_extendqisi2
 560 0106 4FEAC202 		lsl	r2, r2, #3
 561 010a 02F10302 		add	r2, r2, #3
 562 010e 00FA02F2 		lsl	r2, r0, r2
 563 0112 0A43     		orrs	r2, r2, r1
 564 0114 9A61     		str	r2, [r3, #24]
 565 0116 2CE0     		b	.L7
 566              	.L11:
 225:../Dave/Generated/src/IO004/IO004.c ****   } else if ((Pin >= 12U) && (Pin <= 15U))
 567              		.loc 1 225 0
 568 0118 FB7B     		ldrb	r3, [r7, #15]	@ zero_extendqisi2
 569 011a 0B2B     		cmp	r3, #11
 570 011c 29D9     		bls	.L7
 571              		.loc 1 225 0 is_stmt 0 discriminator 1
 572 011e FB7B     		ldrb	r3, [r7, #15]	@ zero_extendqisi2
 573 0120 0F2B     		cmp	r3, #15
 574 0122 26D8     		bhi	.L7
 226:../Dave/Generated/src/IO004/IO004.c ****   {
 227:../Dave/Generated/src/IO004/IO004.c ****     Pin = Pin - 12U;
 575              		.loc 1 227 0 is_stmt 1
 576 0124 FB7B     		ldrb	r3, [r7, #15]
 577 0126 A3F10C03 		sub	r3, r3, #12
 578 012a FB73     		strb	r3, [r7, #15]
 228:../Dave/Generated/src/IO004/IO004.c ****     Handle->PortRegs->IOCR12  =  (uint32_t)(Handle->PortRegs->IOCR12 & ~(0x0000001FUL << (3U+(Pin*8
 579              		.loc 1 228 0
 580 012c 7B68     		ldr	r3, [r7, #4]
 581 012e 5B68     		ldr	r3, [r3, #4]
 582 0130 7A68     		ldr	r2, [r7, #4]
 583 0132 5268     		ldr	r2, [r2, #4]
 584 0134 D169     		ldr	r1, [r2, #28]
 585 0136 FA7B     		ldrb	r2, [r7, #15]	@ zero_extendqisi2
 586 0138 4FEAC202 		lsl	r2, r2, #3
 587 013c 02F10302 		add	r2, r2, #3
 588 0140 4FF01F00 		mov	r0, #31
 589 0144 00FA02F2 		lsl	r2, r0, r2
 590 0148 6FEA0202 		mvn	r2, r2
 591 014c 0A40     		ands	r2, r2, r1
 592 014e DA61     		str	r2, [r3, #28]
 229:../Dave/Generated/src/IO004/IO004.c ****     Handle->PortRegs->IOCR12 |=  (uint32_t)(((uint32_t)Mode & 0x1FUL) << (3U+(Pin*8U)));
 593              		.loc 1 229 0
 594 0150 7B68     		ldr	r3, [r7, #4]
 595 0152 5B68     		ldr	r3, [r3, #4]
 596 0154 7A68     		ldr	r2, [r7, #4]
 597 0156 5268     		ldr	r2, [r2, #4]
 598 0158 D169     		ldr	r1, [r2, #28]
 599 015a FA78     		ldrb	r2, [r7, #3]	@ zero_extendqisi2
 600 015c 02F01F00 		and	r0, r2, #31
 601 0160 FA7B     		ldrb	r2, [r7, #15]	@ zero_extendqisi2
 602 0162 4FEAC202 		lsl	r2, r2, #3
 603 0166 02F10302 		add	r2, r2, #3
 604 016a 00FA02F2 		lsl	r2, r0, r2
 605 016e 0A43     		orrs	r2, r2, r1
 606 0170 DA61     		str	r2, [r3, #28]
 607              	.L7:
 230:../Dave/Generated/src/IO004/IO004.c ****   }
 231:../Dave/Generated/src/IO004/IO004.c ****   else
 232:../Dave/Generated/src/IO004/IO004.c ****   {
 233:../Dave/Generated/src/IO004/IO004.c **** 	  /*Not supposed to be here */
 234:../Dave/Generated/src/IO004/IO004.c ****   }
 235:../Dave/Generated/src/IO004/IO004.c **** }
 608              		.loc 1 235 0
 609 0172 07F11407 		add	r7, r7, #20
 610 0176 BD46     		mov	sp, r7
 611 0178 80BC     		pop	{r7}
 612 017a 7047     		bx	lr
 613              		.cfi_endproc
 614              	.LFE114:
 616              		.text
 617              	.Letext0:
 618              		.file 2 "c:\\dave-3.1.10\\arm-gcc\\bin\\../lib/gcc/arm-none-eabi/4.7.4/../../../../arm-none-eabi/i
 619              		.file 3 "C:\\DAVE3_workspace\\mojWorkspace\\Bachelor\\Dave\\Generated\\inc\\DAVESupport/../../inc/
 620              		.file 4 "C:\\DAVE-3.1.10\\eclipse\\/../CMSIS/Include/core_cm4.h"
 621              		.file 5 "C:\\DAVE3_workspace\\mojWorkspace\\Bachelor\\Dave\\Generated\\inc\\DAVESupport/../../inc/
DEFINED SYMBOLS
                            *ABS*:00000000 IO004.c
C:\Users\Mateusz\AppData\Local\Temp\cc7WmLvU.s:20     .text.IO004_Init:00000000 $t
C:\Users\Mateusz\AppData\Local\Temp\cc7WmLvU.s:25     .text.IO004_Init:00000000 IO004_Init
C:\Users\Mateusz\AppData\Local\Temp\cc7WmLvU.s:223    .text.IO004_DisableOutputDriver:00000000 $t
C:\Users\Mateusz\AppData\Local\Temp\cc7WmLvU.s:228    .text.IO004_DisableOutputDriver:00000000 IO004_DisableOutputDriver
C:\Users\Mateusz\AppData\Local\Temp\cc7WmLvU.s:420    .text.IO004_EnableOutputDriver:00000000 $t
C:\Users\Mateusz\AppData\Local\Temp\cc7WmLvU.s:425    .text.IO004_EnableOutputDriver:00000000 IO004_EnableOutputDriver
                     .debug_frame:00000010 $d
                           .group:00000000 wm4.1.35166846b5321d4273ad8c4248893ac3
                           .group:00000000 wm4.XMC4500.h.45.215f4b8c79f46c7645c15373868d08c0
                           .group:00000000 wm4.core_cm4.h.47.41af406cb4cda82c972f112a9cd0a024
                           .group:00000000 wm4.newlib.h.8.a9901dc52d1357e3e94003403d43f8b5
                           .group:00000000 wm4.features.h.22.b72b3baab2bb2eab3661375590100b6b
                           .group:00000000 wm4.config.h.193.5fb8ef056cdff92dec3dee9552839d8c
                           .group:00000000 wm4._ansi.h.23.7aefdac4826acebbfc9f3822a0aeb14c
                           .group:00000000 wm4.stdint.h.20.54ad762faa59e3c05491630641c8d8bf
                           .group:00000000 wm4.core_cmInstr.h.39.3d3d1b4a79aef37532666dc6ee87c6ac
                           .group:00000000 wm4.core_cm4_simd.h.43.b5d1d38735af6366227b4256d330cf13
                           .group:00000000 wm4.core_cm4.h.178.e5ef5ce66d198d7f00f9d0076e267c41
                           .group:00000000 wm4.system_XMC4500.h.29.827f68baa362c84f2abae4ab67dde7c9
                           .group:00000000 wm4.XMC4500.h.198.8e022f279ff353ed081df898dc7b9cf3
                           .group:00000000 wm4.stddef.h.40.50cf36416e06376af8a9dca28536f2e4
                           .group:00000000 wm4.types.h.60.e75c47576398c648cdcf9000ace5e3d8
                           .group:00000000 wm4.MULTIPLEXER.h.46.4a863fbae1c79f0db26da3ce2dc30d02
                           .group:00000000 wm4.CCU8PWMLIB.h.74.725ec81203769525cc7a424597055f47
                           .group:00000000 wm4.MOTORLIB.h.62.951091d95913dd2ff36d761323a1771d
                           .group:00000000 wm4.DBG001.h.116.d6d9e7459a0faa3905c97c1d2edb339d
                           .group:00000000 wm4.uc_id.h.35.fa57ecd9f559d2767f56c96da2848c12
                           .group:00000000 wm4.CLK001_Const.h.50.e5e9c2ddc89f4cc9e7b93e9648fa94e4
                           .group:00000000 wm4.CLK001_Conf.h.81.82a8db895dc146da001475dd68223522
                           .group:00000000 wm4.Usic.h.54.8af9f733ba5771eeb374435d205ea54b
                           .group:00000000 wm4.UART001_Conf.h.53.ea28968cb6c53b1be9f53a4d9f42a86f
                           .group:00000000 wm4.IO004.h.53.442ea5eb47ad9eedc675253aa35f3107
                           .group:00000000 wm4.SYSTM001.h.64.6ecb31c49bc3e7691644fdcdfc11b5cd
                           .group:00000000 wm4.I2C001.h.97.5277d52889d6c741e048ea45ee1277b5
                           .group:00000000 wm4.I2C001_Conf.h.58.e471e519f7471a50493b6f4fe912ee0d

UNDEFINED SYMBOLS
IO004_Handle0
IO004_Handle1
IO004_Handle2
IO004_Handle3
IO004_Handle4
